TN:
SF:src\ConsoleUi.ts
FN:6,ConsoleUi
FN:10,Object.<anonymous>.ConsoleUi.showWelcome
FNF:2
FNH:2
FNDA:2,ConsoleUi
FNDA:1,Object.<anonymous>.ConsoleUi.showWelcome
DA:1,1
DA:2,1
DA:3,1
DA:4,1
DA:5,1
DA:6,1
DA:7,2
DA:8,2
DA:9,1
DA:10,1
DA:11,1
DA:12,1
DA:13,1
DA:14,1
LF:14
LH:14
BRDA:4,0,0,1
BRDA:6,1,0,2
BRDA:10,2,0,1
BRF:3
BRH:3
end_of_record
TN:
SF:src\ConsoleUiInput.ts
FN:7,ConsoleUiInput
FN:11,Object.<anonymous>.ConsoleUiInput.requestInput
FNF:2
FNH:1
FNDA:4,ConsoleUiInput
FNDA:0,Object.<anonymous>.ConsoleUiInput.requestInput
DA:1,1
DA:2,1
DA:3,1
DA:4,2
DA:5,2
DA:6,2
DA:7,2
DA:8,4
DA:9,4
DA:10,2
DA:11,2
DA:12,0
DA:13,0
DA:14,2
LF:14
LH:12
BRDA:4,0,0,2
BRDA:7,1,0,4
BRF:2
BRH:2
end_of_record
TN:
SF:src\ConsoleUiOutput.ts
FN:3,ConsoleUiOutput
FN:4,Object.<anonymous>.ConsoleUiOutput.display
FNF:2
FNH:2
FNDA:3,ConsoleUiOutput
FNDA:1,Object.<anonymous>.ConsoleUiOutput.display
DA:1,1
DA:2,1
DA:3,3
DA:4,3
DA:5,1
DA:6,1
DA:7,3
LF:7
LH:7
BRDA:3,0,0,2
BRDA:3,1,0,3
BRDA:4,2,0,1
BRF:3
BRH:3
end_of_record
TN:
SF:src\FairDice.ts
FN:7,FairDice
FN:19,Object.<anonymous>.FairDice.size
FN:23,Object.<anonymous>.FairDice.roll
FNF:3
FNH:3
FNDA:21,FairDice
FNDA:4,Object.<anonymous>.FairDice.size
FNDA:7,Object.<anonymous>.FairDice.roll
DA:1,1
DA:2,1
DA:3,1
DA:4,2
DA:5,2
DA:6,2
DA:7,2
DA:8,21
DA:9,4
DA:10,4
DA:11,17
DA:12,21
DA:13,3
DA:14,3
DA:15,14
DA:16,14
DA:17,14
DA:18,2
DA:19,2
DA:20,4
DA:21,4
DA:22,2
DA:23,2
DA:24,7
DA:25,7
DA:26,2
LF:26
LH:26
BRDA:4,0,0,2
BRDA:7,1,0,21
BRDA:8,2,0,4
BRDA:11,3,0,17
BRDA:12,4,0,3
BRDA:15,5,0,14
BRDA:19,6,0,4
BRDA:23,7,0,7
BRF:8
BRH:8
end_of_record
TN:
SF:src\Game.ts
FN:6,Game
FN:8,Object.<anonymous>.Game.play
FNF:2
FNH:2
FNDA:3,Game
FNDA:1,Object.<anonymous>.Game.play
DA:1,1
DA:2,1
DA:3,1
DA:4,1
DA:5,1
DA:6,1
DA:7,1
DA:8,1
DA:9,1
DA:10,1
DA:11,1
DA:12,1
LF:12
LH:12
BRDA:5,0,0,1
BRDA:6,1,0,3
BRDA:8,2,0,1
BRF:3
BRH:3
end_of_record
TN:
SF:src\Player.ts
FN:7,Player
FN:11,get
FN:15,Object.<anonymous>.Player.hit
FNF:3
FNH:3
FNDA:9,Player
FNDA:6,get
FNDA:6,Object.<anonymous>.Player.hit
DA:1,1
DA:2,1
DA:3,2
DA:4,2
DA:5,2
DA:6,2
DA:7,2
DA:8,9
DA:9,9
DA:10,2
DA:11,2
DA:12,6
DA:13,6
DA:14,2
DA:15,2
DA:16,6
DA:17,6
DA:18,2
LF:18
LH:18
BRDA:3,0,0,2
BRDA:7,1,0,9
BRDA:11,2,0,6
BRDA:15,3,0,6
BRF:4
BRH:4
end_of_record
TN:
SF:src\RandomGeneratorFair.ts
FN:1,RandomGeneratorFair
FN:2,Object.<anonymous>.RandomGeneratorFair.generate
FNF:2
FNH:2
FNDA:4,RandomGeneratorFair
FNDA:1,Object.<anonymous>.RandomGeneratorFair.generate
DA:1,4
DA:2,4
DA:3,1
DA:4,1
DA:5,4
LF:5
LH:5
BRDA:1,0,0,2
BRDA:1,1,0,4
BRDA:2,2,0,1
BRF:3
BRH:3
end_of_record
